This is pdfTeX, Version 3.14159265-2.6-1.40.21 (TeX Live 2020) (preloaded format=pdflatex 2020.4.23)  10 MAR 2021 22:40
entering extended mode
 restricted \write18 enabled.
 file:line:error style messages enabled.
 %&-line parsing enabled.
**"MPTCP Flow Monitoring.tex"
(./MPTCP Flow Monitoring.tex
LaTeX2e <2020-02-02> patch level 5
L3 programming layer <2020-03-06>
(/usr/local/texlive/2020/texmf-dist/tex/latex/base/article.cls
Document Class: article 2019/12/20 v1.4l Standard LaTeX document class
(/usr/local/texlive/2020/texmf-dist/tex/latex/base/size12.clo
File: size12.clo 2019/12/20 v1.4l Standard LaTeX file (size option)
)
\c@part=\count167
\c@section=\count168
\c@subsection=\count169
\c@subsubsection=\count170
\c@paragraph=\count171
\c@subparagraph=\count172
\c@figure=\count173
\c@table=\count174
\abovecaptionskip=\skip47
\belowcaptionskip=\skip48
\bibindent=\dimen134
)
(/usr/local/texlive/2020/texmf-dist/tex/latex/base/fontenc.sty
Package: fontenc 2020/02/11 v2.0o Standard LaTeX package
)
(/usr/local/texlive/2020/texmf-dist/tex/generic/babel/babel.sty
Package: babel 2020/03/22 3.42 The Babel package

(/usr/local/texlive/2020/texmf-dist/tex/generic/babel/switch.def
File: switch.def 2020/03/22 3.42 Babel switching mechanism
)
(/usr/local/texlive/2020/texmf-dist/tex/generic/babel-german/ngerman.ldf
Language: ngerman 2018/12/08 v2.11 German support for babel (post-1996 orthogra
phy)

(/usr/local/texlive/2020/texmf-dist/tex/generic/babel-german/ngermanb.ldf
Language: ngermanb 2018/12/08 v2.11 German support for babel (post-1996 orthogr
aphy)

(/usr/local/texlive/2020/texmf-dist/tex/generic/babel/babel.def
File: babel.def 2020/03/22 3.42 Babel common definitions
\babel@savecnt=\count175
\U@D=\dimen135

(/usr/local/texlive/2020/texmf-dist/tex/generic/babel/txtbabel.def)
\bbl@readstream=\read2
\bbl@dirlevel=\count176
)
Package babel Info: Making " an active character on input line 121.
)))
(/usr/local/texlive/2020/texmf-dist/tex/latex/natbib/natbib.sty
Package: natbib 2010/09/13 8.31b (PWD, AO)
\bibhang=\skip49
\bibsep=\skip50
LaTeX Info: Redefining \cite on input line 694.
\c@NAT@ctr=\count177
)
(/usr/local/texlive/2020/texmf-dist/tex/latex/url/url.sty
\Urlmuskip=\muskip16
Package: url 2013/09/16  ver 3.4  Verb mode for urls, etc.
)
(/usr/local/texlive/2020/texmf-dist/tex/latex/float/float.sty
Package: float 2001/11/08 v1.3d Float enhancements (AL)
\c@float@type=\count178
\float@exts=\toks15
\float@box=\box45
\@float@everytoks=\toks16
\@floatcapt=\box46
)
(/usr/local/texlive/2020/texmf-dist/tex/latex/graphics/graphicx.sty
Package: graphicx 2019/11/30 v1.2a Enhanced LaTeX Graphics (DPC,SPQR)

(/usr/local/texlive/2020/texmf-dist/tex/latex/graphics/keyval.sty
Package: keyval 2014/10/28 v1.15 key=value parser (DPC)
\KV@toks@=\toks17
)
(/usr/local/texlive/2020/texmf-dist/tex/latex/graphics/graphics.sty
Package: graphics 2019/11/30 v1.4a Standard LaTeX Graphics (DPC,SPQR)

(/usr/local/texlive/2020/texmf-dist/tex/latex/graphics/trig.sty
Package: trig 2016/01/03 v1.10 sin cos tan (DPC)
)
(/usr/local/texlive/2020/texmf-dist/tex/latex/graphics-cfg/graphics.cfg
File: graphics.cfg 2016/06/04 v1.11 sample graphics configuration
)
Package graphics Info: Driver file: pdftex.def on input line 105.

(/usr/local/texlive/2020/texmf-dist/tex/latex/graphics-def/pdftex.def
File: pdftex.def 2018/01/08 v1.0l Graphics/color driver for pdftex
))
\Gin@req@height=\dimen136
\Gin@req@width=\dimen137
)
(/usr/local/texlive/2020/texmf-dist/tex/latex/listings/listings.sty
\lst@mode=\count179
\lst@gtempboxa=\box47
\lst@token=\toks18
\lst@length=\count180
\lst@currlwidth=\dimen138
\lst@column=\count181
\lst@pos=\count182
\lst@lostspace=\dimen139
\lst@width=\dimen140
\lst@newlines=\count183
\lst@lineno=\count184
\lst@maxwidth=\dimen141

(/usr/local/texlive/2020/texmf-dist/tex/latex/listings/lstmisc.sty
File: lstmisc.sty 2020/03/24 1.8d (Carsten Heinz)
\c@lstnumber=\count185
\lst@skipnumbers=\count186
\lst@framebox=\box48
)
(/usr/local/texlive/2020/texmf-dist/tex/latex/listings/listings.cfg
File: listings.cfg 2020/03/24 1.8d listings configuration
))
Package: listings 2020/03/24 1.8d (Carsten Heinz)

(/usr/local/texlive/2020/texmf-dist/tex/latex/caption/subcaption.sty
Package: subcaption 2020/01/22 v1.3d Sub-captions (AR)

(/usr/local/texlive/2020/texmf-dist/tex/latex/caption/caption.sty
Package: caption 2020/01/03 v3.4h Customizing captions (AR)

(/usr/local/texlive/2020/texmf-dist/tex/latex/caption/caption3.sty
Package: caption3 2020/01/03 v1.8h caption3 kernel (AR)
Package caption3 Info: TeX engine: e-TeX on input line 61.
\captionmargin=\dimen142
\captionmargin@=\dimen143
\captionwidth=\dimen144
\caption@tempdima=\dimen145
\caption@indent=\dimen146
\caption@parindent=\dimen147
\caption@hangindent=\dimen148
Package caption Info: Standard document class detected.
)
\c@caption@flags=\count187
\c@continuedfloat=\count188
Package caption Info: float package is loaded.
Package caption Info: listings package is loaded.
)
\c@subfigure=\count189
\c@subtable=\count190
)
(/usr/local/texlive/2020/texmf-dist/tex/latex/listings/lstlang1.sty
File: lstlang1.sty 2020/03/24 1.8d listings language file
)
(/usr/local/texlive/2020/texmf-dist/tex/latex/l3backend/l3backend-pdfmode.def
File: l3backend-pdfmode.def 2020-03-12 L3 backend support: PDF mode
\l__kernel_color_stack_int=\count191
\l__pdf_internal_box=\box49
)
(./MPTCP Flow Monitoring.aux

LaTeX Warning: Label `fig:sniffer_component' multiply defined.

)
\openout1 = `"MPTCP Flow Monitoring.aux"'.

LaTeX Font Info:    Checking defaults for OML/cmm/m/it on input line 38.
LaTeX Font Info:    ... okay on input line 38.
LaTeX Font Info:    Checking defaults for OMS/cmsy/m/n on input line 38.
LaTeX Font Info:    ... okay on input line 38.
LaTeX Font Info:    Checking defaults for OT1/cmr/m/n on input line 38.
LaTeX Font Info:    ... okay on input line 38.
LaTeX Font Info:    Checking defaults for T1/cmr/m/n on input line 38.
LaTeX Font Info:    ... okay on input line 38.
LaTeX Font Info:    Checking defaults for TS1/cmr/m/n on input line 38.
LaTeX Font Info:    ... okay on input line 38.
LaTeX Font Info:    Checking defaults for OMX/cmex/m/n on input line 38.
LaTeX Font Info:    ... okay on input line 38.
LaTeX Font Info:    Checking defaults for U/cmr/m/n on input line 38.
LaTeX Font Info:    ... okay on input line 38.
 (/usr/local/texlive/2020/texmf-dist/tex/context/base/mkii/supp-pdf.mkii
[Loading MPS to PDF converter (version 2006.09.02).]
\scratchcounter=\count192
\scratchdimen=\dimen149
\scratchbox=\box50
\nofMPsegments=\count193
\nofMParguments=\count194
\everyMPshowfont=\toks19
\MPscratchCnt=\count195
\MPscratchDim=\dimen150
\MPnumerator=\count196
\makeMPintoPDFobject=\count197
\everyMPtoPDFconversion=\toks20
) (/usr/local/texlive/2020/texmf-dist/tex/latex/epstopdf-pkg/epstopdf-base.sty
Package: epstopdf-base 2020-01-24 v2.11 Base part for package epstopdf
Package epstopdf-base Info: Redefining graphics rule for `.eps' on input line 4
85.

(/usr/local/texlive/2020/texmf-dist/tex/latex/latexconfig/epstopdf-sys.cfg
File: epstopdf-sys.cfg 2010/07/13 v1.3 Configuration of (r)epstopdf for TeX Liv
e
))
\c@lstlisting=\count198
Package caption Info: Begin \AtBeginDocument code.
Package caption Info: End \AtBeginDocument code.
LaTeX Font Info:    External font `cmex10' loaded for size
(Font)              <14.4> on input line 39.
LaTeX Font Info:    External font `cmex10' loaded for size
(Font)              <7> on input line 39.

[1

{/usr/local/texlive/2020/texmf-var/fonts/map/pdftex/updmap/pdftex.map}]
Underfull \hbox (badness 10000) in paragraph at lines 66--77

 []

[2]
LaTeX Font Info:    External font `cmex10' loaded for size
(Font)              <12> on input line 96.
LaTeX Font Info:    External font `cmex10' loaded for size
(Font)              <8> on input line 96.
LaTeX Font Info:    External font `cmex10' loaded for size
(Font)              <6> on input line 96.

Underfull \hbox (badness 2285) in paragraph at lines 99--99
[]\T1/cmr/m/n/12 Bekanntgabe, dass Mul-ti-
 []


Underfull \hbox (badness 10000) in paragraph at lines 102--102
[]\T1/cmr/m/n/12 Bekanntgabe ei-ner IP
 []


Underfull \hbox (badness 10000) in paragraph at lines 103--103
[]\T1/cmr/m/n/12 Bekanntgabe, dass der
 []


Underfull \hbox (badness 10000) in paragraph at lines 103--103
\T1/cmr/m/n/12 Kom-mu-ni-ka-ti-ons-part-ner
 []


Underfull \hbox (badness 10000) in paragraph at lines 104--104
[]\T1/cmr/m/n/12 Bekanntgabe, dass der
 []


Underfull \hbox (badness 10000) in paragraph at lines 104--104
\T1/cmr/m/n/12 Kom-mu-ni-ka-ti-ons-part-ner
 []


Underfull \hbox (badness 10000) in paragraph at lines 104--104
\T1/cmr/m/n/12 un-mit-tel-bar kei-ne neu-en
 []


Underfull \hbox (badness 10000) in paragraph at lines 104--104
\T1/cmr/m/n/12 Nach-rich-ten sen-den und
 []


Underfull \hbox (badness 2050) in paragraph at lines 105--105
\T1/cmr/m/n/12 falls. Da-ten wer-den über
 []


Underfull \hbox (badness 1337) in paragraph at lines 106--106
[]\T1/cmr/m/n/12 Enthält Sub-flow über-grei-
 []


Underfull \hbox (badness 10000) in paragraph at lines 106--106
\T1/cmr/m/n/12 fen-de Se-quenz-num-mern,
 []


Underfull \hbox (badness 10000) in paragraph at lines 106--106
\T1/cmr/m/n/12 Sub-flow über-grei-fen-de
 []


Underfull \hbox (badness 1642) in paragraph at lines 106--106
\T1/cmr/m/n/12 TCP Ver-bin-dung Sub-flow
 []

[3]
LaTeX Font Info:    Trying to load font information for T1+cmtt on input line 1
15.
 (/usr/local/texlive/2020/texmf-dist/tex/latex/base/t1cmtt.fd
File: t1cmtt.fd 2019/12/16 v2.5j Standard LaTeX font definitions
)
LaTeX Font Info:    External font `cmex10' loaded for size
(Font)              <5> on input line 119.
 [4]
<images/bwnetflow.png, id=22, 743.77875pt x 462.72874pt>
File: images/bwnetflow.png Graphic file (type png)
<use images/bwnetflow.png>
Package pdftex.def Info: images/bwnetflow.png  used on input line 136.
(pdftex.def)             Requested size: 390.0pt x 242.63968pt.
 [5]
[6 <./images/bwnetflow.png>] [7]
<images/kafka.png, id=41, 633.36626pt x 362.35374pt>
File: images/kafka.png Graphic file (type png)
<use images/kafka.png>
Package pdftex.def Info: images/kafka.png  used on input line 193.
(pdftex.def)             Requested size: 312.00119pt x 178.50035pt.

Underfull \hbox (badness 10000) in paragraph at lines 189--196

 []

[8] [9 <./images/kafka.png>]
<images/flowmonitoringmptcp.png, id=49, 574.145pt x 182.6825pt>
File: images/flowmonitoringmptcp.png Graphic file (type png)
<use images/flowmonitoringmptcp.png>
Package pdftex.def Info: images/flowmonitoringmptcp.png  used on input line 231
.
(pdftex.def)             Requested size: 390.0pt x 124.09421pt.
 [10 <./images/flowmonitoringmptcp.png>]
<images/extendedbwnetflow.png, id=54, 558.085pt x 372.39125pt>
File: images/extendedbwnetflow.png Graphic file (type png)
<use images/extendedbwnetflow.png>
Package pdftex.def Info: images/extendedbwnetflow.png  used on input line 258.
(pdftex.def)             Requested size: 312.00119pt x 208.19106pt.
 [11 <./images/extendedbwnetflow.png>]
<images/sniffer_component.png, id=59, 372.39125pt x 121.45375pt>
File: images/sniffer_component.png Graphic file (type png)
<use images/sniffer_component.png>
Package pdftex.def Info: images/sniffer_component.png  used on input line 272.
(pdftex.def)             Requested size: 234.00238pt x 76.32166pt.

Underfull \hbox (badness 3977) in paragraph at lines 290--290
[]\T1/cmr/m/n/12 Zielport al-ler Pa-ke-te im
 []

[12 <./images/sniffer_component.png>] [13] [14] [15]
<images/leftjoinsemantic.png, id=74, 493.845pt x 151.56625pt>
File: images/leftjoinsemantic.png Graphic file (type png)
<use images/leftjoinsemantic.png>
Package pdftex.def Info: images/leftjoinsemantic.png  used on input line 349.
(pdftex.def)             Requested size: 350.99762pt x 107.72379pt.

Overfull \hbox (12.60304pt too wide) in paragraph at lines 361--362
 \T1/cmr/bx/n/12 CLI-Con-fi-gu-ra-tor:[] \T1/cmr/m/n/12 Er-mög-licht das Kon-fi
-gu-rie-ren der An-wen-dung über Flags.
 []


Underfull \hbox (badness 10000) in paragraph at lines 365--369

 []

[16 <./images/leftjoinsemantic.png>]
<images/deployment_bwCloud.png, id=79, 668.4975pt x 462.72874pt>
File: images/deployment_bwCloud.png Graphic file (type png)
<use images/deployment_bwCloud.png>
Package pdftex.def Info: images/deployment_bwCloud.png  used on input line 390.

(pdftex.def)             Requested size: 350.99762pt x 242.96446pt.
 [17] [18 <./images/deployment_bwCloud.png>] [19] [20] [21] [22] (./MPTCP Flow 
Monitoring.bbl
Underfull \hbox (badness 2050) in paragraph at lines 47--49
[]\T1/cmr/m/n/12 Belwü - lan-des-hoch-schul-netz baden-württemberg.  $\T1/cmtt/
m/n/12 https : / / www .
 []


Underfull \hbox (badness 10000) in paragraph at lines 51--53
[]\T1/cmr/m/n/12 Apache kaf-ka do-cu-men-ta-ti-on.  $\T1/cmtt/m/n/12 https : / 
/ kafka . apache . org /
 []


Underfull \hbox (badness 10000) in paragraph at lines 55--60
\T1/cmtt/m/n/12 en / US / technologies / tk648 / tk362 / technologies \ _white 
\
 []


Underfull \hbox (badness 10000) in paragraph at lines 55--60
\T1/cmtt/m/n/12 _paper09186a00800a3db9 \ _ps6601 \ _Products \ _White \ _Paper 
.
 []

[23]
Underfull \hbox (badness 1755) in paragraph at lines 99--101
[]\T1/cmr/m/n/12 Man pa-ge of pcap.  $\T1/cmtt/m/n/12 https : / / www . tcpdump
 . org / manpages / pcap .
 []


Underfull \hbox (badness 10000) in paragraph at lines 116--118
[]\T1/cmr/m/n/12 Kafka stre-ams do-cu-men-ta-ti-on.  $\T1/cmtt/m/n/12 https : /
 / kafka . apache . org /
 []

) [24] [25] [26] (./MPTCP Flow Monitoring.aux)

LaTeX Warning: There were multiply-defined labels.

 ) 
Here is how much of TeX's memory you used:
 5645 strings out of 480608
 82241 string characters out of 5903630
 556452 words of memory out of 5000000
 21486 multiletter control sequences out of 15000+600000
 546440 words of font info for 52 fonts, out of 8000000 for 9000
 1141 hyphenation exceptions out of 8191
 48i,9n,46p,720b,1276s stack positions out of 5000i,500n,10000p,200000b,80000s
{/usr/local/texlive/2020/texmf-dist/fonts/enc/dvips/cm-super/cm-super-ts1.enc
}{/usr/local/texlive/2020/texmf-dist/fonts/enc/dvips/cm-super/cm-super-t1.enc}<
/usr/local/texlive/2020/texmf-dist/fonts/type1/public/amsfonts/cm/cmsy10.pfb></
usr/local/texlive/2020/texmf-dist/fonts/type1/public/cm-super/sfbx1000.pfb></us
r/local/texlive/2020/texmf-dist/fonts/type1/public/cm-super/sfbx1200.pfb></usr/
local/texlive/2020/texmf-dist/fonts/type1/public/cm-super/sfbx1440.pfb></usr/lo
cal/texlive/2020/texmf-dist/fonts/type1/public/cm-super/sfbx1728.pfb></usr/loca
l/texlive/2020/texmf-dist/fonts/type1/public/cm-super/sfrm0700.pfb></usr/local/
texlive/2020/texmf-dist/fonts/type1/public/cm-super/sfrm0800.pfb></usr/local/te
xlive/2020/texmf-dist/fonts/type1/public/cm-super/sfrm1000.pfb></usr/local/texl
ive/2020/texmf-dist/fonts/type1/public/cm-super/sfrm1200.pfb></usr/local/texliv
e/2020/texmf-dist/fonts/type1/public/cm-super/sfrm1440.pfb></usr/local/texlive/
2020/texmf-dist/fonts/type1/public/cm-super/sfrm2074.pfb></usr/local/texlive/20
20/texmf-dist/fonts/type1/public/cm-super/sfti1200.pfb></usr/local/texlive/2020
/texmf-dist/fonts/type1/public/cm-super/sftt1000.pfb></usr/local/texlive/2020/t
exmf-dist/fonts/type1/public/cm-super/sftt1200.pfb>
Output written on "MPTCP Flow Monitoring.pdf" (26 pages, 467641 bytes).
PDF statistics:
 166 PDF objects out of 1000 (max. 8388607)
 108 compressed objects within 2 object streams
 0 named destinations out of 1000 (max. 500000)
 36 words of extra memory for PDF output out of 10000 (max. 10000000)

